C51 COMPILER V9.60.7.0   DS1302                                                            03/24/2024 11:45:39 PAGE 1   


C51 COMPILER V9.60.7.0, COMPILATION OF MODULE DS1302
OBJECT MODULE PLACED IN .\Objects\ds1302.obj
COMPILER INVOKED BY: D:\Program Files\ARM\Core\C51\BIN\C51.EXE HardWare\ds1302.c OPTIMIZE(8,SPEED) BROWSE INCDIR(.\HardW
                    -are) DEBUG OBJECTEXTEND PRINT(.\Listings\ds1302.lst) TABS(2) OBJECT(.\Objects\ds1302.obj)

line level    source

   1          /*  #   DS1302ä»£ç ç‰‡æ®µè¯´æ˜
   2            1.  æœ¬æ–‡ä»¶å¤¹ä¸­æä¾›çš„é©±åŠ¨ä»£ç ä¾›å‚èµ›é€‰æ‰‹å®Œæˆç¨‹åºè®¾è®¡å‚è€ƒã€‚
   3            2.  å‚èµ›é€‰æ‰‹å¯ä»¥è‡ªè¡Œç¼–å†™ç›¸å…³ä»£ç æˆ–ä»¥è¯¥ä»£ç ä¸ºåŸºç¡€ï¼Œæ ¹æ®æ‰€é€‰å•ç‰‡æœºç±»å‹ã€è¿
             -è¡Œé€Ÿåº¦å’Œè¯•é¢˜
   4              ä¸­å¯¹å•ç‰‡æœºæ—¶é’Ÿé¢‘ç‡çš„è¦æ±‚ï¼Œè¿›è¡Œä»£ç è°ƒè¯•å’Œä¿®æ”¹ã€‚
   5          */                
   6          #include "ds1302.h"
   7          
   8          sbit SCK = P1^7;
   9          sbit SDA = P2^3;
  10          sbit RST = P1^3;
  11          //
  12          void Write_Ds1302(unsigned  char temp) 
  13          {
  14   1        unsigned char i;
  15   1        for (i=0;i<8;i++)       
  16   1        { 
  17   2          SCK = 0;
  18   2          SDA = temp&0x01;
  19   2          temp>>=1; 
  20   2          SCK=1;
  21   2        }
  22   1      }   
  23          
  24          //
  25          void Write_Ds1302_Byte( unsigned char address,unsigned char dat )     
  26          {
  27   1        RST=0;  _nop_();
  28   1        SCK=0;  _nop_();
  29   1        RST=1;  _nop_();  
  30   1        Write_Ds1302(address);  
  31   1        Write_Ds1302(dat);    
  32   1        RST=0; 
  33   1      }
  34          
  35          //
  36          unsigned char Read_Ds1302_Byte ( unsigned char address )
  37          {
  38   1        unsigned char i,temp=0x00;
  39   1        RST=0;  _nop_();
  40   1        SCK=0;  _nop_();
  41   1        RST=1;  _nop_();
  42   1        Write_Ds1302(address);
  43   1        for (i=0;i<8;i++)   
  44   1        {   
  45   2          SCK=0;
  46   2          temp>>=1; 
  47   2          if(SDA)
  48   2          temp|=0x80; 
  49   2          SCK=1;
  50   2        } 
  51   1        RST=0;  _nop_();
  52   1        SCK=0;  _nop_();
  53   1        SCK=1;  _nop_();
C51 COMPILER V9.60.7.0   DS1302                                                            03/24/2024 11:45:39 PAGE 2   

  54   1        SDA=0;  _nop_();
  55   1        SDA=1;  _nop_();
  56   1        return (temp);      
  57   1      }
  58          
  59          void DS1302_Time_Write(uchar *rt)
  60          {
  61   1        uchar temp;
  62   1        Write_Ds1302_Byte(0x8e,0); //æ­¤æ—¶å¯ä»¥å¯¹DS1302çš„ä»»ä¸€æ—¶é’Ÿè¿›è¡Œå†™å…¥æ“ä½œ
  63   1        temp = (((rt[0]/10)<<4)|(rt[0]%10));
  64   1        Write_Ds1302_Byte(0x84, temp);  
  65   1        temp = (((rt[1]/10)<<4)|(rt[1]%10));
  66   1        Write_Ds1302_Byte(0x82, temp);
  67   1        temp = (((rt[2]/10)<<4)|(rt[2]%10));
  68   1        Write_Ds1302_Byte(0x80, temp);
  69   1      
  70   1        Write_Ds1302_Byte(0x8e,0x80); //æ‰“å¼€å†™ä¿æŠ¤ï¼ŒWPä½ç½®1
  71   1      }
  72          
  73          void DS1302_Time_Read(uchar *rt)
  74          {
  75   1        uchar temp;
  76   1        temp = Read_Ds1302_Byte(0x85);
  77   1        rt[0] = (((temp>>4)*10)+(temp&0x0f));
  78   1        temp = Read_Ds1302_Byte(0x83);
  79   1        rt[1] = (((temp>>4)*10)+(temp&0x0f));
  80   1        temp = Read_Ds1302_Byte(0x81);
  81   1        rt[2] = (((temp>>4)*10)+(temp&0x0f));
  82   1      }


MODULE INFORMATION:   STATIC OVERLAYABLE
   CODE SIZE        =    250    ----
   CONSTANT SIZE    =   ----    ----
   XDATA SIZE       =   ----    ----
   PDATA SIZE       =   ----    ----
   DATA SIZE        =   ----    ----
   IDATA SIZE       =   ----    ----
   BIT SIZE         =   ----    ----
END OF MODULE INFORMATION.


C51 COMPILATION COMPLETE.  0 WARNING(S),  0 ERROR(S)
