C51 COMPILER V9.60.7.0   KEY                                                               03/24/2024 21:50:42 PAGE 1   


C51 COMPILER V9.60.7.0, COMPILATION OF MODULE KEY
OBJECT MODULE PLACED IN .\Objects\Key.obj
COMPILER INVOKED BY: D:\Program Files\ARM\Core\C51\BIN\C51.EXE HardWare\Key.c OPTIMIZE(8,SPEED) BROWSE INCDIR(.\HardWare
                    -) DEBUG OBJECTEXTEND PRINT(.\Listings\Key.lst) TABS(2) OBJECT(.\Objects\Key.obj)

line level    source

   1          #include "key.h"
   2          
   3          unsigned char key_up = 0;
   4          unsigned char flag = 0;
   5          sbit L1 = P4^4;
   6          sbit L2 = P4^2;
   7          sbit L3 = P3^5;
   8          sbit L4 = P3^4;
   9          sbit H4 = P3^3;
  10          sbit H3 = P3^2;
  11          sbit H2 = P3^1;
  12          sbit H1 = P3^0;
  13          unsigned char key_scan(void)
  14          {
  15   1          uchar key_num;
  16   1          L1 = L2 = L3 = L4 = 1;
  17   1          H4 = H3 = H2 = H1 = 0;
  18   1          if((key_up == 1) && (L1 == 0 || L2 == 0 || L3 == 0 || L4 == 0))
  19   1          {
  20   2              Delayms(20);
  21   2              if(L1 == 0)  key_num = 1;
  22   2              else if(L2 == 0) key_num = 2;
  23   2              else if(L3 == 0) key_num = 3;
  24   2              else if(L4 == 0) key_num = 4;
  25   2              else return 0;
  26   2              key_up = 0;
  27   2              
  28   2      
  29   2              L1 = L2 = L3 = L4 = 0;
  30   2              H4 = H3 = H2 = H1 = 1;
  31   2              if(H1 == 0)  {flag = 1;return key_num;}
  32   2              else if(H2 == 0) return key_num + 4;
  33   2              else if(H3 == 0) return key_num + 8;
  34   2              else if(H4 == 0) return key_num + 12;
  35   2          }
  36   1          else if(L1 == 1 && L2 == 1 && L3 == 1 && L4 == 1)
  37   1          {
  38   2              key_up = 1;
  39   2              if(flag == 1)
  40   2              {
  41   3                  flag = 0;
  42   3                  return 25;
  43   3              }
  44   2              
  45   2          }
  46   1          return 0; // 没有按键按下
  47   1      }


MODULE INFORMATION:   STATIC OVERLAYABLE
   CODE SIZE        =    160    ----
   CONSTANT SIZE    =   ----    ----
   XDATA SIZE       =   ----    ----
   PDATA SIZE       =   ----    ----
C51 COMPILER V9.60.7.0   KEY                                                               03/24/2024 21:50:42 PAGE 2   

   DATA SIZE        =      2       1
   IDATA SIZE       =   ----    ----
   BIT SIZE         =   ----    ----
END OF MODULE INFORMATION.


C51 COMPILATION COMPLETE.  0 WARNING(S),  0 ERROR(S)
