C51 COMPILER V9.60.7.0   LED                                                               03/24/2024 11:45:39 PAGE 1   


C51 COMPILER V9.60.7.0, COMPILATION OF MODULE LED
OBJECT MODULE PLACED IN .\Objects\led.obj
COMPILER INVOKED BY: D:\Program Files\ARM\Core\C51\BIN\C51.EXE HardWare\led.c OPTIMIZE(8,SPEED) BROWSE INCDIR(.\HardWare
                    -) DEBUG OBJECTEXTEND PRINT(.\Listings\led.lst) TABS(2) OBJECT(.\Objects\led.obj)

line level    source

   1          #include "led.h"
   2          
   3          
   4          void led_control(unsigned char *led)
   5          {
   6   1          uchar temp;
   7   1          uchar i = 0;
   8   1          for(i = 0; i < 8; i++)
   9   1          {
  10   2              if(led[i] == 1)
  11   2              {
  12   3                  temp &= ~(0x01 << i);
  13   3              }
  14   2              else
  15   2              {
  16   3                  temp |= (0x01 << i);
  17   3              }
  18   2          }
  19   1          P0 = temp;
  20   1          InitHC138(4);
  21   1      }


MODULE INFORMATION:   STATIC OVERLAYABLE
   CODE SIZE        =     66    ----
   CONSTANT SIZE    =   ----    ----
   XDATA SIZE       =   ----    ----
   PDATA SIZE       =   ----    ----
   DATA SIZE        =   ----       4
   IDATA SIZE       =   ----    ----
   BIT SIZE         =   ----    ----
END OF MODULE INFORMATION.


C51 COMPILATION COMPLETE.  0 WARNING(S),  0 ERROR(S)
