C51 COMPILER V9.60.7.0   NIXIE                                                             03/24/2024 11:45:39 PAGE 1   


C51 COMPILER V9.60.7.0, COMPILATION OF MODULE NIXIE
OBJECT MODULE PLACED IN .\Objects\NiXie.obj
COMPILER INVOKED BY: D:\Program Files\ARM\Core\C51\BIN\C51.EXE HardWare\NiXie.c OPTIMIZE(8,SPEED) BROWSE INCDIR(.\HardWa
                    -re) DEBUG OBJECTEXTEND PRINT(.\Listings\NiXie.lst) TABS(2) OBJECT(.\Objects\NiXie.obj)

line level    source

   1          #include "nixie.h"
   2          
   3          code unsigned char Seg_Table[] = 
   4          {
   5          0xc0, //0  --0
   6          0xf9, //1
   7          0xa4, //2
   8          0xb0, //3
   9          0x99, //4
  10          0x92, //5
  11          0x82, //6
  12          0xf8, //7
  13          0x80, //8
  14          0x90, //9
  15          0x88, //A  --10
  16          0x83, //b  --11
  17          0xc6, //C  --12
  18          0xa1, //d  --13
  19          0x86, //E  --14
  20          0x8e, //F  --15
  21          0x89, //H  --16
  22          0x8C, //P  --17
  23          0xBF, //-  --18
  24          0xFF  //全灭  --19
  25          };
  26          
  27          void NiXie_Bit(unsigned char location,unsigned char value,unsigned char pos)
  28          {
  29   1          P0 = 0xFF;
  30   1          InitHC138(7);
  31   1          P0 = 0x01 << (location);
  32   1          InitHC138(6);
  33   1          if(pos == 0)
  34   1          {
  35   2              P0 = Seg_Table[value];
  36   2          }
  37   1          else
  38   1          {
  39   2              P0 = Seg_Table[value] & 0x7F;
  40   2          }
  41   1          InitHC138(7);
  42   1          Delayms(1);
  43   1      }
  44          
  45          void NiXie_Show(unsigned char *NiXie,unsigned char *pos)
  46          {
  47   1          NiXie_Bit(0,NiXie[0],pos[0]);
  48   1          NiXie_Bit(1,NiXie[1],pos[1]);
  49   1          NiXie_Bit(2,NiXie[2],pos[2]);
  50   1          NiXie_Bit(3,NiXie[3],pos[3]);
  51   1          NiXie_Bit(4,NiXie[4],pos[4]);
  52   1          NiXie_Bit(5,NiXie[5],pos[5]);
  53   1          NiXie_Bit(6,NiXie[6],pos[6]);
  54   1          NiXie_Bit(7,NiXie[7],pos[7]);
C51 COMPILER V9.60.7.0   NIXIE                                                             03/24/2024 11:45:39 PAGE 2   

  55   1          NiXie_Bit(8,0,0);
  56   1      }


MODULE INFORMATION:   STATIC OVERLAYABLE
   CODE SIZE        =    320    ----
   CONSTANT SIZE    =     20    ----
   XDATA SIZE       =   ----    ----
   PDATA SIZE       =   ----    ----
   DATA SIZE        =   ----       9
   IDATA SIZE       =   ----    ----
   BIT SIZE         =   ----    ----
END OF MODULE INFORMATION.


C51 COMPILATION COMPLETE.  0 WARNING(S),  0 ERROR(S)
