C51 COMPILER V9.60.7.0   KEY                                                               04/08/2024 22:35:34 PAGE 1   


C51 COMPILER V9.60.7.0, COMPILATION OF MODULE KEY
OBJECT MODULE PLACED IN .\Objects\key.obj
COMPILER INVOKED BY: D:\Program Files\ARM\Core\C51\BIN\C51.EXE ..\HardWare\key.c OPTIMIZE(8,SPEED) BROWSE INCDIR(..\Hard
                    -Ware) DEBUG OBJECTEXTEND PRINT(.\Listings\key.lst) OBJECT(.\Objects\key.obj)

line level    source

   1          #include "key.h"
   2          
   3          sbit C1 = P4 ^ 4;
   4          sbit C2 = P4 ^ 2;
   5          sbit C3 = P3 ^ 5;
   6          sbit C4 = P3 ^ 4;
   7          
   8          sbit L1 = P3 ^ 0;
   9          sbit L2 = P3 ^ 1;
  10          sbit L3 = P3 ^ 2;
  11          sbit L4 = P3 ^ 3;
  12          unsigned char Key_Scan1()
  13          {
  14   1               unsigned char temp;
  15   1          if(L1 == 0)
  16   1              temp = 7;
  17   1          else if(L2 == 0)
  18   1              temp = 6;
  19   1          else if(L3 == 0)
  20   1              temp = 5;
  21   1          else if(L4 == 0)
  22   1              temp = 4;
  23   1      
  24   1          P3 = 0xFF;
  25   1          return temp;
  26   1      }
  27          unsigned char Key_Scan()
  28          {
  29   1          unsigned char temp = 0;
  30   1          C1 = 0;
  31   1          C2 = C3 = C4 = 1;
  32   1          L1 = L2 = L3 = L4 = 1;
  33   1          if (L1 == 0)
  34   1              temp = 7;
  35   1          if (L2 == 0)
  36   1              temp = 6;
  37   1          if (L3 == 0)
  38   1              temp = 5;
  39   1          if (L4 == 0)
  40   1              temp = 4;
  41   1          C1 = 0;
  42   1          C2 = C3 = C4 = 1;
  43   1          L1 = L2 = L3 = L4 = 1;
  44   1          if (L1 == 0)
  45   1              temp = 7;
  46   1          if (L2 == 0)
  47   1              temp = 6;
  48   1          if (L3 == 0)
  49   1              temp = 5;
  50   1          if (L4 == 0)
  51   1              temp = 4;
  52   1          C2 = 0;
  53   1          C1 = C3 = C4 = 1;
  54   1          L1 = L2 = L3 = L4 = 1;
C51 COMPILER V9.60.7.0   KEY                                                               04/08/2024 22:35:34 PAGE 2   

  55   1          if (L1 == 0)
  56   1              temp = 11;
  57   1          if (L2 == 0)
  58   1              temp = 10;
  59   1          if (L3 == 0)
  60   1              temp = 9;
  61   1          if (L4 == 0)
  62   1              temp = 8;
  63   1          C3 = 0;
  64   1          C2 = C1 = C4 = 1;
  65   1          L1 = L2 = L3 = L4 = 1;
  66   1          if (L1 == 0)
  67   1              temp = 15;
  68   1          if (L2 == 0)
  69   1              temp = 14;
  70   1          if (L3 == 0)
  71   1              temp = 13;
  72   1          if (L4 == 0)
  73   1              temp = 12;
  74   1          C4 = 0;
  75   1          C2 = C1 = C3 = 1;
  76   1          L1 = L2 = L3 = L4 = 1;
  77   1          if (L1 == 0)
  78   1              temp = 19;
  79   1          if (L2 == 0)
  80   1              temp = 18;
  81   1          if (L3 == 0)
  82   1              temp = 17;
  83   1          if (L4 == 0)
  84   1              temp = 16;
  85   1          return temp;
  86   1      }


MODULE INFORMATION:   STATIC OVERLAYABLE
   CODE SIZE        =    213    ----
   CONSTANT SIZE    =   ----    ----
   XDATA SIZE       =   ----    ----
   PDATA SIZE       =   ----    ----
   DATA SIZE        =   ----    ----
   IDATA SIZE       =   ----    ----
   BIT SIZE         =   ----    ----
END OF MODULE INFORMATION.


C51 COMPILATION COMPLETE.  0 WARNING(S),  0 ERROR(S)
