C51 COMPILER V9.60.7.0   LED                                                               04/06/2024 23:11:24 PAGE 1   


C51 COMPILER V9.60.7.0, COMPILATION OF MODULE LED
OBJECT MODULE PLACED IN .\Objects\led.obj
COMPILER INVOKED BY: D:\Program Files\ARM\Core\C51\BIN\C51.EXE ..\HardWare\led.c OPTIMIZE(8,SPEED) BROWSE INCDIR(..\Hard
                    -Ware) DEBUG OBJECTEXTEND PRINT(.\Listings\led.lst) TABS(2) OBJECT(.\Objects\led.obj)

line level    source

   1          #include "led.h"
   2          
   3          void LED_Display(unsigned char location,unsigned char enable)
   4          {
   5   1          static unsigned char temp = 0x00;
   6   1          static unsigned char temp_old = 0xff;
   7   1          if(enable)
   8   1              temp &= ~(0x01 << location);
   9   1          else
  10   1              temp |= (0x01 << location);
  11   1      
  12   1          if(temp != temp_old)
  13   1          {
  14   2              P0 = temp;
  15   2              Init_HC138(4);
  16   2              temp_old = temp;
  17   2          }
  18   1      }


MODULE INFORMATION:   STATIC OVERLAYABLE
   CODE SIZE        =     50    ----
   CONSTANT SIZE    =   ----    ----
   XDATA SIZE       =   ----    ----
   PDATA SIZE       =   ----    ----
   DATA SIZE        =      2    ----
   IDATA SIZE       =   ----    ----
   BIT SIZE         =   ----    ----
END OF MODULE INFORMATION.


C51 COMPILATION COMPLETE.  0 WARNING(S),  0 ERROR(S)
