C51 COMPILER V9.60.7.0   IIC                                                               03/27/2024 06:31:24 PAGE 1   


C51 COMPILER V9.60.7.0, COMPILATION OF MODULE IIC
OBJECT MODULE PLACED IN .\Objects\iic.obj
COMPILER INVOKED BY: D:\Program Files\ARM\Core\C51\BIN\C51.EXE iic.c OPTIMIZE(8,SPEED) BROWSE DEBUG OBJECTEXTEND PRINT(.
                    -\Listings\iic.lst) TABS(2) OBJECT(.\Objects\iic.obj)

line level    source

   1          /*  #   I2Cä»£ç ç‰‡æ®µè¯´æ˜
   2              1.  æœ¬æ–‡ä»¶å¤¹ä¸­æä¾›çš„é©±åŠ¨ä»£ç ä¾›å‚èµ›é€‰æ‰‹å®Œæˆç¨‹åºè®¾è®¡å‚è€ƒã€‚
   3              2.  å‚èµ›é€‰æ‰‹å¯ä»¥è‡ªè¡Œç¼–å†™ç›¸å…³ä»£ç æˆ–ä»¥è¯¥ä»£ç ä¸ºåŸºç¡€ï¼Œæ ¹æ®æ‰€é€‰å•ç‰‡æœºç±»å‹ã€
             -è¿è¡Œé€Ÿåº¦å’Œè¯•é¢˜
   4                  ä¸­å¯¹å•ç‰‡æœºæ—¶é’Ÿé¢‘ç‡çš„è¦æ±‚ï¼Œè¿›è¡Œä»£ç è°ƒè¯•å’Œä¿®æ”¹ã€‚
   5          */
   6          
   7          #include "iic.h"
   8          #define DELAY_TIME 5
   9          #define SlaveAddrW 0xA0
  10          #define SlaveAddrR 0xA1
  11          sbit sda = P2 ^ 1;
  12          sbit scl = P2 ^ 0;
  13          sbit rst = P1 ^ 3;
  14          //
  15          static void I2C_Delay(unsigned char n)
  16          {
  17   1          do
  18   1          {
  19   2              _nop_();
  20   2              _nop_();
  21   2              _nop_();
  22   2              _nop_();
  23   2              _nop_();
  24   2              _nop_();
  25   2              _nop_();
  26   2              _nop_();
  27   2              _nop_();
  28   2              _nop_();
  29   2              _nop_();
  30   2              _nop_();
  31   2              _nop_();
  32   2              _nop_();
  33   2              _nop_();
  34   2          } while (n--);
  35   1      }
  36          
  37          //
  38          void I2CStart(void)
  39          {
  40   1          sda = 1;
  41   1          scl = 1;
  42   1          I2C_Delay(DELAY_TIME);
  43   1          sda = 0;
  44   1          I2C_Delay(DELAY_TIME);
  45   1          scl = 0;
  46   1      }
  47          
  48          //
  49          void I2CStop(void)
  50          {
  51   1          sda = 0;
  52   1          scl = 1;
  53   1          I2C_Delay(DELAY_TIME);
C51 COMPILER V9.60.7.0   IIC                                                               03/27/2024 06:31:24 PAGE 2   

  54   1          sda = 1;
  55   1          I2C_Delay(DELAY_TIME);
  56   1      }
  57          
  58          //
  59          void I2CSendByte(unsigned char byt)
  60          {
  61   1          unsigned char i;
  62   1      
  63   1          for (i = 0; i < 8; i++)
  64   1          {
  65   2              scl = 0;
  66   2              I2C_Delay(DELAY_TIME);
  67   2              if (byt & 0x80)
  68   2              {
  69   3                  sda = 1;
  70   3              }
  71   2              else
  72   2              {
  73   3                  sda = 0;
  74   3              }
  75   2              I2C_Delay(DELAY_TIME);
  76   2              scl = 1;
  77   2              byt <<= 1;
  78   2              I2C_Delay(DELAY_TIME);
  79   2          }
  80   1      
  81   1          scl = 0;
  82   1      }
  83          
  84          //
  85          unsigned char I2CReceiveByte(void)
  86          {
  87   1          unsigned char da;
  88   1          unsigned char i;
  89   1          for (i = 0; i < 8; i++)
  90   1          {
  91   2              scl = 1;
  92   2              I2C_Delay(DELAY_TIME);
  93   2              da <<= 1;
  94   2              if (sda)
  95   2                  da |= 0x01;
  96   2              scl = 0;
  97   2              I2C_Delay(DELAY_TIME);
  98   2          }
  99   1          return da;
 100   1      }
 101          
 102          //
 103          unsigned char I2CWaitAck(void)
 104          {
 105   1          unsigned char ackbit;
 106   1      
 107   1          scl = 1;
 108   1          I2C_Delay(DELAY_TIME);
 109   1          ackbit = sda;
 110   1          scl = 0;
 111   1          I2C_Delay(DELAY_TIME);
 112   1      
 113   1          return ackbit;
 114   1      }
 115          
C51 COMPILER V9.60.7.0   IIC                                                               03/27/2024 06:31:24 PAGE 3   

 116          //
 117          void I2CSendAck(unsigned char ackbit)
 118          {
 119   1          scl = 0;
 120   1          sda = ackbit;
 121   1          I2C_Delay(DELAY_TIME);
 122   1          scl = 1;
 123   1          I2C_Delay(DELAY_TIME);
 124   1          scl = 0;
 125   1          sda = 1;
 126   1          I2C_Delay(DELAY_TIME);
 127   1      }
 128          
 129          unsigned char adc_read(unsigned char addr)
 130          {
 131   1          unsigned char temp;
 132   1          I2CStart();
 133   1          I2CSendByte(0x90);
 134   1          I2CWaitAck();
 135   1          I2CSendByte(addr);
 136   1          I2CWaitAck();
 137   1          I2CStop();
 138   1      
 139   1          I2CStart();
 140   1          I2CSendByte(0x91);
 141   1          I2CWaitAck();
 142   1          temp = I2CReceiveByte();
 143   1          I2CSendAck(1);
 144   1          I2CStop();
 145   1          return temp;
 146   1      }
 147          
 148          void dac_write(unsigned char date)
 149          {
 150   1          I2CStart();
 151   1          I2CSendByte(0x90);
 152   1          I2CWaitAck();
 153   1          I2CSendByte(0x40);
 154   1          I2CWaitAck();
 155   1          I2CSendByte(date);
 156   1          I2CWaitAck();
 157   1          I2CStop();
 158   1      }


MODULE INFORMATION:   STATIC OVERLAYABLE
   CODE SIZE        =    240    ----
   CONSTANT SIZE    =   ----    ----
   XDATA SIZE       =   ----    ----
   PDATA SIZE       =   ----    ----
   DATA SIZE        =   ----    ----
   IDATA SIZE       =   ----    ----
   BIT SIZE         =   ----    ----
END OF MODULE INFORMATION.


C51 COMPILATION COMPLETE.  0 WARNING(S),  0 ERROR(S)
