C51 COMPILER V9.60.7.0   NIXIE                                                             03/27/2024 06:31:23 PAGE 1   


C51 COMPILER V9.60.7.0, COMPILATION OF MODULE NIXIE
OBJECT MODULE PLACED IN .\Objects\nixie.obj
COMPILER INVOKED BY: D:\Program Files\ARM\Core\C51\BIN\C51.EXE nixie.c OPTIMIZE(8,SPEED) BROWSE DEBUG OBJECTEXTEND PRINT
                    -(.\Listings\nixie.lst) TABS(2) OBJECT(.\Objects\nixie.obj)

line level    source

   1          #include "nixie.h"
   2          
   3          code unsigned char Seg_Table[] =
   4              {
   5                  0xc0, // 0  --0
   6                  0xf9, // 1
   7                  0xa4, // 2
   8                  0xb0, // 3
   9                  0x99, // 4
  10                  0x92, // 5
  11                  0x82, // 6
  12                  0xf8, // 7
  13                  0x80, // 8
  14                  0x90, // 9
  15                  0x88, // A  --10
  16                  0x83, // b  --11
  17                  0xc6, // C  --12
  18                  0xa1, // d  --13
  19                  0x86, // E  --14
  20                  0x8e, // F  --15
  21                  0xC1, // U  --16
  22                  0x8C, // P  --17
  23                  0xBF, //-  --18
  24                  0xC3, // L  --19
  25                  0xFF  // 全灭  --20
  26          };
  27          void NiXie_Bit(unsigned char poistion, unsigned char value, unsigned char pos)
  28          {
  29   1          P0 = 0xFF;
  30   1          Init_Hc138(7);
  31   1          P0 = 0x01 << (poistion - 1);
  32   1          Init_Hc138(6);
  33   1          P0 = Seg_Table[value];
  34   1          if (pos)
  35   1              P0 &= 0x7F;
  36   1          Init_Hc138(7);
  37   1          Delay_ms(1);
  38   1      }
  39          
  40          void NiXie_Control(unsigned char *NiXie, unsigned char *pos)
  41          {
  42   1          NiXie_Bit(1, NiXie[0], pos[0]);
  43   1          NiXie_Bit(2, NiXie[1], pos[1]);
  44   1          NiXie_Bit(3, NiXie[2], pos[2]);
  45   1          NiXie_Bit(4, NiXie[3], pos[3]);
  46   1          NiXie_Bit(5, NiXie[4], pos[4]);
  47   1          NiXie_Bit(6, NiXie[5], pos[5]);
  48   1          NiXie_Bit(7, NiXie[6], pos[6]);
  49   1          NiXie_Bit(8, NiXie[7], pos[7]);
  50   1      }


MODULE INFORMATION:   STATIC OVERLAYABLE
   CODE SIZE        =    304    ----
C51 COMPILER V9.60.7.0   NIXIE                                                             03/27/2024 06:31:23 PAGE 2   

   CONSTANT SIZE    =     21    ----
   XDATA SIZE       =   ----    ----
   PDATA SIZE       =   ----    ----
   DATA SIZE        =   ----       9
   IDATA SIZE       =   ----    ----
   BIT SIZE         =   ----    ----
END OF MODULE INFORMATION.


C51 COMPILATION COMPLETE.  0 WARNING(S),  0 ERROR(S)
