C51 COMPILER V9.60.7.0   SYS                                                               03/27/2024 06:33:56 PAGE 1   


C51 COMPILER V9.60.7.0, COMPILATION OF MODULE SYS
OBJECT MODULE PLACED IN .\Objects\sys.obj
COMPILER INVOKED BY: D:\Program Files\ARM\Core\C51\BIN\C51.EXE sys.c OPTIMIZE(8,SPEED) BROWSE DEBUG OBJECTEXTEND PRINT(.
                    -\Listings\sys.lst) TABS(2) OBJECT(.\Objects\sys.obj)

line level    source

   1          #include "sys.h"
   2          
   3          void Init_Hc138(unsigned char channel)
   4          {
   5   1          switch (channel)
   6   1          {
   7   2          case 4:
   8   2              P2 = (P2 & 0x1F) | 0x80;
   9   2              break;
  10   2          case 5:
  11   2              P2 = (P2 & 0x1F) | 0xA0;
  12   2              break;
  13   2          case 6:
  14   2              P2 = (P2 & 0x1F) | 0xC0;
  15   2              break;
  16   2          case 7:
  17   2              P2 = (P2 & 0x1F) | 0xE0;
  18   2              break;
  19   2          }
  20   1          P2 = P2 & 0x1F;
  21   1      }
  22          
  23          void Init_Sys(void)
  24          {
  25   1          P0 = 0xFF;
  26   1          Init_Hc138(4);
  27   1          P0 = 0x00;
  28   1          Init_Hc138(5);
  29   1      }
  30          
  31          void Delay_us(unsigned int us) //@12.000MHz
  32          {
  33   1          while (us--)
  34   1          {
  35   2              _nop_();
  36   2              _nop_();
  37   2              _nop_();
  38   2              _nop_();
  39   2          }
  40   1      }
  41          
  42          void Delay_ms(unsigned int ms) //@12.000MHz
  43          {
  44   1          while (ms--)
  45   1          {
  46   2              unsigned char data i, j;
  47   2      
  48   2              i = 12;
  49   2              j = 169;
  50   2              do
  51   2              {
  52   3                  while (--j)
  53   3                      ;
  54   3              } while (--i);
C51 COMPILER V9.60.7.0   SYS                                                               03/27/2024 06:33:56 PAGE 2   

  55   2          }
  56   1      }


MODULE INFORMATION:   STATIC OVERLAYABLE
   CODE SIZE        =    114    ----
   CONSTANT SIZE    =   ----    ----
   XDATA SIZE       =   ----    ----
   PDATA SIZE       =   ----    ----
   DATA SIZE        =   ----       2
   IDATA SIZE       =   ----    ----
   BIT SIZE         =   ----    ----
END OF MODULE INFORMATION.


C51 COMPILATION COMPLETE.  0 WARNING(S),  0 ERROR(S)
