C51 COMPILER V9.60.7.0   ULTR                                                              03/28/2024 15:20:44 PAGE 1   


C51 COMPILER V9.60.7.0, COMPILATION OF MODULE ULTR
OBJECT MODULE PLACED IN .\Objects\ultr.obj
COMPILER INVOKED BY: D:\Program Files\ARM\Core\C51\BIN\C51.EXE ultr.c OPTIMIZE(8,SPEED) BROWSE DEBUG OBJECTEXTEND PRINT(
                    -.\Listings\ultr.lst) TABS(2) OBJECT(.\Objects\ultr.obj)

line level    source

   1          #include "ultr.h"
   2          
   3          sbit TX = P1 ^ 0;
   4          sbit RX = P1 ^ 1;
   5          
   6          void Delay13us(void) //@12.000MHz
   7          {
   8   1          unsigned char data i;
   9   1      
  10   1          _nop_();
  11   1          _nop_();
  12   1          i = 36;
  13   1          while (--i)
  14   1          {
  15   2              nixie_pro();
  16   2              // NiXie_Control(nixie_data, nixie_pos);
  17   2          }
  18   1      }
  19          
  20          void SendPluse()
  21          {
  22   1          unsigned int i;
  23   1          for (i = 0; i < 8; i++)
  24   1          {
  25   2              TX = 1;
  26   2              Delay13us();
  27   2              TX = 0;
  28   2              Delay13us();
  29   2          }
  30   1      }
  31          
  32          unsigned int ultr_read()
  33          {
  34   1          unsigned int num = 0;
  35   1          unsigned int distance = 0;
  36   1          unsigned int time = 0;
  37   1          TH0 = TL0 = 0x00;
  38   1          send_Pluse();
*** WARNING C206 IN LINE 38 OF ultr.c: 'send_Pluse': missing function-prototype
  39   1          TR0 = 1;
  40   1          // RX == 0---->超声波返回，TF1 = 1------>秒表溢出
  41   1          while (RX == 1 && TF0 == 0)
  42   1              ;
  43   1          TR0 = 0;
  44   1          if (TF0 == 0)
  45   1          {
  46   2              num = TH0 << 8 | TL0;
  47   2              // time = num * 1/12/2;//us
  48   2              distance = num * 0.017; // 距离以厘米为单位
  49   2          }
  50   1          else if (TF0 == 1)
  51   1          {
  52   2              distance = 999;
  53   2              TF0 = 0;
C51 COMPILER V9.60.7.0   ULTR                                                              03/28/2024 15:20:44 PAGE 2   

  54   2          }
  55   1          return distance;
  56   1      }


MODULE INFORMATION:   STATIC OVERLAYABLE
   CODE SIZE        =    135    ----
   CONSTANT SIZE    =   ----    ----
   XDATA SIZE       =   ----    ----
   PDATA SIZE       =   ----    ----
   DATA SIZE        =   ----       9
   IDATA SIZE       =   ----    ----
   BIT SIZE         =   ----    ----
END OF MODULE INFORMATION.


C51 COMPILATION COMPLETE.  1 WARNING(S),  0 ERROR(S)
