C51 COMPILER V9.60.7.0   DS1302                                                            04/02/2024 17:33:56 PAGE 1   


C51 COMPILER V9.60.7.0, COMPILATION OF MODULE DS1302
OBJECT MODULE PLACED IN .\Objects\ds1302.obj
COMPILER INVOKED BY: D:\Program Files\ARM\Core\C51\BIN\C51.EXE ..\HardWare\ds1302.c OPTIMIZE(8,SPEED) BROWSE INCDIR(..\H
                    -ardWare) DEBUG OBJECTEXTEND PRINT(.\Listings\ds1302.lst) TABS(2) OBJECT(.\Objects\ds1302.obj)

line level    source

   1          /*  #   DS1302ä»£ç ç‰‡æ®µè¯´æ˜
   2            1.  æœ¬æ–‡ä»¶å¤¹ä¸­æä¾›çš„é©±åŠ¨ä»£ç ä¾›å‚èµ›é€‰æ‰‹å®Œæˆç¨‹åºè®¾è®¡å‚è€ƒã€‚
   3            2.  å‚èµ›é€‰æ‰‹å¯ä»¥è‡ªè¡Œç¼–å†™ç›¸å…³ä»£ç æˆ–ä»¥è¯¥ä»£ç ä¸ºåŸºç¡€ï¼Œæ ¹æ®æ‰€é€‰å•ç‰‡æœºç±»å‹ã€è¿
             -è¡Œé€Ÿåº¦å’Œè¯•é¢˜
   4              ä¸­å¯¹å•ç‰‡æœºæ—¶é’Ÿé¢‘ç‡çš„è¦æ±‚ï¼Œè¿›è¡Œä»£ç è°ƒè¯•å’Œä¿®æ”¹ã€‚
   5          */
   6          #include "ds1302.h"
   7          
   8          sbit SCK = P1 ^ 7;
   9          sbit SDA = P2 ^ 3;
  10          sbit RST = P1 ^ 3;
  11          //
  12          void Write_Ds1302(unsigned char temp)
  13          {
  14   1        unsigned char i;
  15   1        for (i = 0; i < 8; i++)
  16   1        {
  17   2          SCK = 0;
  18   2          SDA = temp & 0x01;
  19   2          temp >>= 1;
  20   2          SCK = 1;
  21   2        }
  22   1      }
  23          
  24          //
  25          void Write_Ds1302_Byte(unsigned char address, unsigned char dat)
  26          {
  27   1        RST = 0;
  28   1        _nop_();
  29   1        SCK = 0;
  30   1        _nop_();
  31   1        RST = 1;
  32   1        _nop_();
  33   1        Write_Ds1302(address);
  34   1        Write_Ds1302(dat);
  35   1        RST = 0;
  36   1      }
  37          
  38          //
  39          unsigned char Read_Ds1302_Byte(unsigned char address)
  40          {
  41   1        unsigned char i, temp = 0x00;
  42   1        RST = 0;
  43   1        _nop_();
  44   1        SCK = 0;
  45   1        _nop_();
  46   1        RST = 1;
  47   1        _nop_();
  48   1        Write_Ds1302(address);
  49   1        for (i = 0; i < 8; i++)
  50   1        {
  51   2          SCK = 0;
  52   2          temp >>= 1;
  53   2          if (SDA)
C51 COMPILER V9.60.7.0   DS1302                                                            04/02/2024 17:33:56 PAGE 2   

  54   2            temp |= 0x80;
  55   2          SCK = 1;
  56   2        }
  57   1        RST = 0;
  58   1        _nop_();
  59   1        SCK = 0;
  60   1        _nop_();
  61   1        SCK = 1;
  62   1        _nop_();
  63   1        SDA = 0;
  64   1        _nop_();
  65   1        SDA = 1;
  66   1        _nop_();
  67   1        return (temp);
  68   1      }
  69          
  70          void DS1302_Time_Write(unsigned char *rt)
  71          {
  72   1        unsigned char temp;
  73   1        Write_Ds1302_Byte(0x8e, 0); // æ­¤æ—¶å¯ä»¥å¯¹DS1302çš„ä»»ä¸€æ—¶é’Ÿè¿›è¡Œå†™å…¥æ“ä½œ
  74   1        temp = (((rt[0] / 10) << 4) | (rt[0] % 10));
  75   1        Write_Ds1302_Byte(0x84, temp);
  76   1        temp = (((rt[1] / 10) << 4) | (rt[1] % 10));
  77   1        Write_Ds1302_Byte(0x82, temp);
  78   1        temp = (((rt[2] / 10) << 4) | (rt[2] % 10));
  79   1        Write_Ds1302_Byte(0x80, temp);
  80   1      
  81   1        Write_Ds1302_Byte(0x8e, 0x80); // æ‰“å¼€å†™ä¿æŠ¤ï¼ŒWPä½ç½®1
  82   1      }
  83          
  84          void DS1302_Time_Read(unsigned char *rt)
  85          {
  86   1        unsigned char temp;
  87   1        temp = Read_Ds1302_Byte(0x85);
  88   1        rt[0] = (((temp >> 4) * 10) + (temp & 0x0f));
  89   1        temp = Read_Ds1302_Byte(0x83);
  90   1        rt[1] = (((temp >> 4) * 10) + (temp & 0x0f));
  91   1        temp = Read_Ds1302_Byte(0x81);
  92   1        rt[2] = (((temp >> 4) * 10) + (temp & 0x0f));
  93   1      }


MODULE INFORMATION:   STATIC OVERLAYABLE
   CODE SIZE        =    250    ----
   CONSTANT SIZE    =   ----    ----
   XDATA SIZE       =   ----    ----
   PDATA SIZE       =   ----    ----
   DATA SIZE        =   ----    ----
   IDATA SIZE       =   ----    ----
   BIT SIZE         =   ----    ----
END OF MODULE INFORMATION.


C51 COMPILATION COMPLETE.  0 WARNING(S),  0 ERROR(S)
