C51 COMPILER V9.60.7.0   LED                                                               04/09/2024 16:43:17 PAGE 1   


C51 COMPILER V9.60.7.0, COMPILATION OF MODULE LED
OBJECT MODULE PLACED IN .\Objects\led.obj
COMPILER INVOKED BY: D:\Program Files\ARM\Core\C51\BIN\C51.EXE ..\HardWare\led.c OPTIMIZE(8,SPEED) BROWSE INCDIR(..\Hard
                    -Ware) DEBUG OBJECTEXTEND PRINT(.\Listings\led.lst) OBJECT(.\Objects\led.obj)

line level    source

   1          #include "led.h"
   2          
   3          void LED_Display(unsigned char Location, unsigned char enable)
   4          {
   5   1          static unsigned char temp = 0x00;
   6   1          static unsigned char temp_old = 0xff;
   7   1          if (enable)
   8   1              temp &= ~(0x01 << Location);
   9   1          else
  10   1              temp |= (0x01 << Location);
  11   1      
  12   1          if (temp != temp_old)
  13   1          {
  14   2              P0 = temp;
  15   2              Init_HC138(4);
  16   2              temp_old = temp;
  17   2          }
  18   1      }
  19          
  20          void Beep(unsigned char flag)
  21          {
  22   1          static unsigned char temp = 0x00;
  23   1          static unsigned char temp_old = 0xff;
  24   1          if (flag)
  25   1              temp |= 0x40;
  26   1          else
  27   1              temp &= ~0x40;
  28   1          if (temp != temp_old)
  29   1          {
  30   2              P0 = temp;
  31   2              Init_HC138(5);
  32   2              temp_old = temp;
  33   2          }
  34   1      }
  35          
  36          void Relay(unsigned char flag)
  37          {
  38   1          static unsigned char temp = 0x00;
  39   1          static unsigned char temp_old = 0xff;
  40   1          if (flag)
  41   1              temp |= 0x10;
  42   1          else
  43   1              temp &= ~0x10;
  44   1          if (temp != temp_old)
  45   1          {
  46   2              P0 = temp;
  47   2              Init_HC138(5);
  48   2              temp_old = temp;
  49   2          }
  50   1      }


MODULE INFORMATION:   STATIC OVERLAYABLE
   CODE SIZE        =    108    ----
C51 COMPILER V9.60.7.0   LED                                                               04/09/2024 16:43:17 PAGE 2   

   CONSTANT SIZE    =   ----    ----
   XDATA SIZE       =   ----    ----
   PDATA SIZE       =   ----    ----
   DATA SIZE        =      6    ----
   IDATA SIZE       =   ----    ----
   BIT SIZE         =   ----    ----
END OF MODULE INFORMATION.


C51 COMPILATION COMPLETE.  0 WARNING(S),  0 ERROR(S)
