C51 COMPILER V9.60.7.0   NIXIE                                                             04/09/2024 22:33:45 PAGE 1   


C51 COMPILER V9.60.7.0, COMPILATION OF MODULE NIXIE
OBJECT MODULE PLACED IN .\Objects\nixie.obj
COMPILER INVOKED BY: D:\Program Files\ARM\Core\C51\BIN\C51.EXE ..\HardWare\nixie.c OPTIMIZE(8,SPEED) BROWSE INCDIR(..\Ha
                    -rdWare) DEBUG OBJECTEXTEND PRINT(.\Listings\nixie.lst) OBJECT(.\Objects\nixie.obj)

line level    source

   1          #include "nixie.h"
   2          
   3          unsigned char NiXie_Pos[8] = {0x01, 0x02, 0x04, 0x08, 0x10, 0x20, 0x40, 0x80};
   4          unsigned char Seg_Table[] =
   5              {
   6                  0xc0, // 0
   7                  0xf9, // 1
   8                  0xa4, // 2
   9                  0xb0, // 3
  10                  0x99, // 4
  11                  0x92, // 5
  12                  0x82, // 6
  13                  0xf8, // 7
  14                  0x80, // 8
  15                  0x90, // 9
  16                  0x88, // A
  17                  0x83, // b
  18                  0xc6, // C
  19                  0xa1, // d
  20                  0x86, // E
  21                  0x8e, // F
  22                  0xFF, // mie  16
  23                  0x8C,  // P  17
  24                  0xBF  // -  18
  25          };
  26          
  27          void Nixie_Display(unsigned char Location, unsigned char Value, unsigned char Dot)
  28          {
  29   1          P0 = 0xFF;
  30   1          Init_HC138(7);
  31   1      
  32   1          P0 = NiXie_Pos[Location];
  33   1          Init_HC138(6);
  34   1      
  35   1          P0 = Seg_Table[Value];
  36   1          if (Dot)
  37   1              P0 = P0 & 0x7F;
  38   1          Init_HC138(7);
  39   1      }


MODULE INFORMATION:   STATIC OVERLAYABLE
   CODE SIZE        =     47    ----
   CONSTANT SIZE    =   ----    ----
   XDATA SIZE       =   ----    ----
   PDATA SIZE       =   ----    ----
   DATA SIZE        =     27       3
   IDATA SIZE       =   ----    ----
   BIT SIZE         =   ----    ----
END OF MODULE INFORMATION.


C51 COMPILATION COMPLETE.  0 WARNING(S),  0 ERROR(S)
