C51 COMPILER V9.60.7.0   SYS                                                               04/09/2024 22:33:45 PAGE 1   


C51 COMPILER V9.60.7.0, COMPILATION OF MODULE SYS
OBJECT MODULE PLACED IN .\Objects\sys.obj
COMPILER INVOKED BY: D:\Program Files\ARM\Core\C51\BIN\C51.EXE ..\HardWare\sys.c OPTIMIZE(8,SPEED) BROWSE INCDIR(..\Hard
                    -Ware) DEBUG OBJECTEXTEND PRINT(.\Listings\sys.lst) OBJECT(.\Objects\sys.obj)

line level    source

   1          #include "sys.h"
   2          
   3          void Init_HC138(unsigned char channel)
   4          {
   5   1          switch (channel)
   6   1          {
   7   2          case 4:
   8   2              P2 = (P2 & 0x1F) | 0x80;
   9   2              break;
  10   2          case 5:
  11   2              P2 = (P2 & 0x1F) | 0xA0;
  12   2              break;
  13   2          case 6:
  14   2              P2 = (P2 & 0x1F) | 0xC0;
  15   2              break;
  16   2          case 7:
  17   2              P2 = (P2 & 0x1F) | 0xE0;
  18   2              break;
  19   2          }
  20   1          P2 = P2 & 0x1F;
  21   1      }
  22          
  23          void Init_Sys()
  24          {
  25   1          P0 = 0xFF;
  26   1          Init_HC138(4);
  27   1          P0 = 0x00;
  28   1          Init_HC138(5);
  29   1      }


MODULE INFORMATION:   STATIC OVERLAYABLE
   CODE SIZE        =     72    ----
   CONSTANT SIZE    =   ----    ----
   XDATA SIZE       =   ----    ----
   PDATA SIZE       =   ----    ----
   DATA SIZE        =   ----    ----
   IDATA SIZE       =   ----    ----
   BIT SIZE         =   ----    ----
END OF MODULE INFORMATION.


C51 COMPILATION COMPLETE.  0 WARNING(S),  0 ERROR(S)
