C51 COMPILER V9.60.7.0   ULTRASONIC                                                        04/09/2024 16:43:17 PAGE 1   


C51 COMPILER V9.60.7.0, COMPILATION OF MODULE ULTRASONIC
OBJECT MODULE PLACED IN .\Objects\ultrasonic.obj
COMPILER INVOKED BY: D:\Program Files\ARM\Core\C51\BIN\C51.EXE ..\HardWare\ultrasonic.c OPTIMIZE(8,SPEED) BROWSE INCDIR(
                    -..\HardWare) DEBUG OBJECTEXTEND PRINT(.\Listings\ultrasonic.lst) OBJECT(.\Objects\ultrasonic.obj)

line level    source

   1          #include "ultrasonic.h"
   2          sbit TX = P1 ^ 0;
   3          sbit RX = P1 ^ 1;
   4          void Delay12us(void) //@12.000MHz
   5          {
   6   1          unsigned char data i;
   7   1      
   8   1          _nop_();
   9   1          _nop_();
  10   1          i = 33;
  11   1          while (--i)
  12   1              ;
  13   1      }
  14          
  15          void Send_Pluse()
  16          {
  17   1          unsigned char i;
  18   1          for(i = 0;i<8;i++)
  19   1          {
  20   2              TX = 1;
  21   2              Delay12us();
  22   2              TX = 0;
  23   2              Delay12us();
  24   2          }
  25   1      }
  26          
  27          unsigned int Measure_Distance()
  28          {
  29   1          //unsigned int temp;
  30   1          TH1 = TL1 = 0;
  31   1          Send_Pluse();
  32   1          TR1 = 1;
  33   1          while((TF1 == 0) && (RX == 1))
  34   1              ;
  35   1          TR1 = 0;
  36   1          if(TF1 == 1)
  37   1          {
  38   2              TF1 = 0;
  39   2              return 65535;
  40   2          }
  41   1          else
  42   1          {
  43   2              return (TH1 << 8) | TL1;
  44   2          }
  45   1      }


MODULE INFORMATION:   STATIC OVERLAYABLE
   CODE SIZE        =     61    ----
   CONSTANT SIZE    =   ----    ----
   XDATA SIZE       =   ----    ----
   PDATA SIZE       =   ----    ----
   DATA SIZE        =   ----    ----
   IDATA SIZE       =   ----    ----
C51 COMPILER V9.60.7.0   ULTRASONIC                                                        04/09/2024 16:43:17 PAGE 2   

   BIT SIZE         =   ----    ----
END OF MODULE INFORMATION.


C51 COMPILATION COMPLETE.  0 WARNING(S),  0 ERROR(S)
