C51 COMPILER V9.60.7.0   NIXIE                                                             03/29/2024 23:43:38 PAGE 1   


C51 COMPILER V9.60.7.0, COMPILATION OF MODULE NIXIE
OBJECT MODULE PLACED IN .\Objects\nixie.obj
COMPILER INVOKED BY: D:\Program Files\ARM\Core\C51\BIN\C51.EXE ..\hardware\nixie.c OPTIMIZE(8,SPEED) BROWSE INCDIR(..\ha
                    -rdware) DEBUG OBJECTEXTEND PRINT(.\Listings\nixie.lst) TABS(2) OBJECT(.\Objects\nixie.obj)

line level    source

   1          #include "nixie.h"
   2          
   3          uchar Seg_Table[] =
   4              {
   5                  0xc0, // 0
   6                  0xf9, // 1
   7                  0xa4, // 2
   8                  0xb0, // 3
   9                  0x99, // 4
  10                  0x92, // 5
  11                  0x82, // 6
  12                  0xf8, // 7
  13                  0x80, // 8
  14                  0x90, // 9
  15                  0x88, // A
  16                  0x83, // b
  17                  0xc6, // C
  18                  0xa1, // d
  19                  0x86, // E
  20                  0x8e, // F
  21                  0xFF, // 灭 16
  22                  0xC1, // U 17
  23                  0xBF, //-  18
  24                  0xC3, // L 19
  25                  0x8C  // P 20
  26          };
  27          uchar NiXie_Bit[8] = {0x01, 0x02, 0x04, 0x08, 0x10, 0x20, 0x40, 0x80};
  28          
  29          void NiXie_Display(unsigned char location, unsigned char value, unsigned char point)
  30          {
  31   1          P0 = 0xFF;
  32   1          InitHC138(7);
  33   1      
  34   1          P0 = NiXie_Bit[location];
  35   1          InitHC138(6);
  36   1      
  37   1          P0 = Seg_Table[value];
  38   1          if (point == 1)
  39   1              P0 = P0 & 0x7F;
  40   1          InitHC138(7);
  41   1      }  


MODULE INFORMATION:   STATIC OVERLAYABLE
   CODE SIZE        =     48    ----
   CONSTANT SIZE    =   ----    ----
   XDATA SIZE       =   ----    ----
   PDATA SIZE       =   ----    ----
   DATA SIZE        =     29       3
   IDATA SIZE       =   ----    ----
   BIT SIZE         =   ----    ----
END OF MODULE INFORMATION.


C51 COMPILATION COMPLETE.  0 WARNING(S),  0 ERROR(S)
