C51 COMPILER V9.60.7.0   SYS                                                               03/29/2024 23:43:37 PAGE 1   


C51 COMPILER V9.60.7.0, COMPILATION OF MODULE SYS
OBJECT MODULE PLACED IN .\Objects\sys.obj
COMPILER INVOKED BY: D:\Program Files\ARM\Core\C51\BIN\C51.EXE sys.c OPTIMIZE(8,SPEED) BROWSE INCDIR(..\hardware) DEBUG 
                    -OBJECTEXTEND PRINT(.\Listings\sys.lst) TABS(2) OBJECT(.\Objects\sys.obj)

line level    source

   1          #include "sys.h"
   2          
   3          void Delay12us(void) //@12.000MHz
   4          {
   5   1          unsigned char data i;
   6   1      
   7   1          _nop_();
   8   1          _nop_();
   9   1          i = 33;
  10   1          while (--i)
  11   1              ;
  12   1      }
  13          
  14          void InitHC138(unsigned char channel)
  15          {
  16   1          switch (channel)
  17   1          {
  18   2          case 4:
  19   2              P2 = (P2 & 0x1F) | 0x80;
  20   2              break;
  21   2          case 5:
  22   2              P2 = (P2 & 0x1F) | 0xA0;
  23   2              break;
  24   2          case 6:
  25   2              P2 = (P2 & 0x1F) | 0xC0;
  26   2              break;
  27   2          case 7:
  28   2              P2 = (P2 & 0x1F) | 0xE0;
  29   2              break;
  30   2          }
  31   1          P2 = P2 & 0x1F;
  32   1      }
  33          
  34          void Init_Sys()
  35          {
  36   1          P0 = 0xFF;
  37   1          InitHC138(4);
  38   1          P0 = 0x00;
  39   1          InitHC138(5);
  40   1      }


MODULE INFORMATION:   STATIC OVERLAYABLE
   CODE SIZE        =     79    ----
   CONSTANT SIZE    =   ----    ----
   XDATA SIZE       =   ----    ----
   PDATA SIZE       =   ----    ----
   DATA SIZE        =   ----    ----
   IDATA SIZE       =   ----    ----
   BIT SIZE         =   ----    ----
END OF MODULE INFORMATION.


C51 COMPILATION COMPLETE.  0 WARNING(S),  0 ERROR(S)
