C51 COMPILER V9.60.7.0   ULTRASONIC                                                        04/01/2024 21:28:54 PAGE 1   


C51 COMPILER V9.60.7.0, COMPILATION OF MODULE ULTRASONIC
OBJECT MODULE PLACED IN .\Objects\ultrasonic.obj
COMPILER INVOKED BY: D:\Program Files\ARM\Core\C51\BIN\C51.EXE ..\hardware\ultrasonic.c OPTIMIZE(8,SPEED) BROWSE INCDIR(
                    -..\hardware) DEBUG OBJECTEXTEND PRINT(.\Listings\ultrasonic.lst) TABS(2) OBJECT(.\Objects\ultrasonic.obj)

line level    source

   1          #include "ultrasonic.h"
   2          
   3          sbit TX = P1 ^ 0;
   4          sbit RX = P1 ^ 1;
   5          
   6          void Send_Pluse()
   7          {
   8   1          uchar i;
   9   1          for (i = 0; i < 8; i++)
  10   1          {
  11   2              TX = 1;
  12   2              Delay12us();
  13   2              TX = 0;
  14   2              Delay12us();
  15   2          }
  16   1      }
  17          
  18          unsigned int measure_distance()
  19          {
  20   1          uint time = 0;
  21   1          TMOD &= 0x0f;  // 配置定时器1计时模式
  22   1          TH1 = TL1 = 0; // 复位计数值 等待超声波信号发出
  23   1          Send_Pluse();
  24   1          TR1 = 1;
  25   1          while (RX == 1 && TF1 == 0)
  26   1              ;
  27   1          TR1 = 0;
  28   1          if (TF0 == 0)
  29   1          {
  30   2              time = (TH1 << 8) | TL1;
  31   2              return (time * 0.017);
  32   2          }
  33   1          else
  34   1          {
  35   2              TF1 = 0;
  36   2              return 999;
  37   2          }
  38   1      }


MODULE INFORMATION:   STATIC OVERLAYABLE
   CODE SIZE        =     88    ----
   CONSTANT SIZE    =   ----    ----
   XDATA SIZE       =   ----    ----
   PDATA SIZE       =   ----    ----
   DATA SIZE        =   ----       3
   IDATA SIZE       =   ----    ----
   BIT SIZE         =   ----    ----
END OF MODULE INFORMATION.


C51 COMPILATION COMPLETE.  0 WARNING(S),  0 ERROR(S)
