C51 COMPILER V9.60.7.0   KEY                                                               04/11/2024 12:10:33 PAGE 1   


C51 COMPILER V9.60.7.0, COMPILATION OF MODULE KEY
OBJECT MODULE PLACED IN .\Objects\key.obj
COMPILER INVOKED BY: D:\Program Files\ARM\Core\C51\BIN\C51.EXE ..\HardWare\key.c OPTIMIZE(8,SPEED) BROWSE INCDIR(..\Hard
                    -Ware) DEBUG OBJECTEXTEND PRINT(.\Listings\key.lst) OBJECT(.\Objects\key.obj)

line level    source

   1          #include "key.h"
   2          
   3          sbit L4 = P3 ^ 3;
   4          sbit L3 = P3 ^ 2;
   5          sbit L2 = P3 ^ 1;
   6          sbit L1 = P3 ^ 0;
   7          
   8          unsigned char Key_Scan()
   9          {
  10   1          unsigned char temp;
  11   1          if (L1 == 0)
  12   1              temp = 7;
  13   1          else if (L2 == 0)
  14   1              temp = 6;
  15   1          else if (L3 == 0)
  16   1              temp = 5;
  17   1          else if (L4 == 0)
  18   1              temp = 4;
  19   1      
  20   1          P3 = 0xFF;
  21   1          return temp;
  22   1      }


MODULE INFORMATION:   STATIC OVERLAYABLE
   CODE SIZE        =     30    ----
   CONSTANT SIZE    =   ----    ----
   XDATA SIZE       =   ----    ----
   PDATA SIZE       =   ----    ----
   DATA SIZE        =   ----    ----
   IDATA SIZE       =   ----    ----
   BIT SIZE         =   ----    ----
END OF MODULE INFORMATION.


C51 COMPILATION COMPLETE.  0 WARNING(S),  0 ERROR(S)
