C51 COMPILER V9.60.7.0   LED                                                               04/11/2024 12:10:33 PAGE 1   


C51 COMPILER V9.60.7.0, COMPILATION OF MODULE LED
OBJECT MODULE PLACED IN .\Objects\led.obj
COMPILER INVOKED BY: D:\Program Files\ARM\Core\C51\BIN\C51.EXE ..\HardWare\led.c OPTIMIZE(8,SPEED) BROWSE INCDIR(..\Hard
                    -Ware) DEBUG OBJECTEXTEND PRINT(.\Listings\led.lst) OBJECT(.\Objects\led.obj)

line level    source

   1          #include "led.h"
   2          
   3          void LED_Display(unsigned char Pos, unsigned char enable)
   4          {
   5   1          static unsigned char temp = 0x00;
   6   1          static unsigned char temp_old = 0xFF;
   7   1          if (enable)
   8   1              temp &= ~(0x01 << Pos);
   9   1          else
  10   1              temp |= (0x01 << Pos);
  11   1          if (temp != temp_old)
  12   1          {
  13   2              P0 = temp;
  14   2              Init_HC138(4);
  15   2              temp_old = temp;
  16   2          }
  17   1      }
  18          
  19          void Relay(unsigned char enable)
  20          {
  21   1          static unsigned char temp = 0x00;
  22   1          static unsigned char temp_old = 0xFF;
  23   1          if (enable)
  24   1              temp |= 0x10;
  25   1          else
  26   1              temp &= ~0x10;
  27   1      
  28   1          if (temp != temp_old)
  29   1          {
  30   2              P0 = temp;
  31   2              Init_HC138(5);
  32   2              temp_old = temp;
  33   2          }
  34   1      }


MODULE INFORMATION:   STATIC OVERLAYABLE
   CODE SIZE        =     79    ----
   CONSTANT SIZE    =   ----    ----
   XDATA SIZE       =   ----    ----
   PDATA SIZE       =   ----    ----
   DATA SIZE        =      4    ----
   IDATA SIZE       =   ----    ----
   BIT SIZE         =   ----    ----
END OF MODULE INFORMATION.


C51 COMPILATION COMPLETE.  0 WARNING(S),  0 ERROR(S)
