C51 COMPILER V9.60.7.0   ULTRASONIC                                                        04/11/2024 12:10:34 PAGE 1   


C51 COMPILER V9.60.7.0, COMPILATION OF MODULE ULTRASONIC
OBJECT MODULE PLACED IN .\Objects\ultrasonic.obj
COMPILER INVOKED BY: D:\Program Files\ARM\Core\C51\BIN\C51.EXE ..\HardWare\ultrasonic.c OPTIMIZE(8,SPEED) BROWSE INCDIR(
                    -..\HardWare) DEBUG OBJECTEXTEND PRINT(.\Listings\ultrasonic.lst) OBJECT(.\Objects\ultrasonic.obj)

line level    source

   1          #include "ultrasonic.h"
   2          
   3          sbit Tx = P1 ^ 0;
   4          sbit Rx = P1 ^ 1;
   5          
   6          void Delay12us(void) //@12.000MHz
   7          {
   8   1          unsigned char data i;
   9   1      
  10   1          _nop_();
  11   1          _nop_();
  12   1          i = 33;
  13   1          while (--i)
  14   1              ;
  15   1      }
  16          
  17          void Send_Pluse()
  18          {
  19   1          unsigned char i;
  20   1          for (i = 0; i < 8; i++)
  21   1          {
  22   2              Tx = 1;
  23   2              Delay12us();
  24   2              Tx = 0;
  25   2              Delay12us();
  26   2          }
  27   1      }
  28          
  29          unsigned int Measure_Distance()
  30          {
  31   1          unsigned int temp;
  32   1          //AUXR &= 0x7F; // 定时器时钟12T模式
  33   1          TMOD &= 0xF0; // 设置定时器模式
  34   1          TH0 = TL0 = 0x00;
  35   1          Send_Pluse();
  36   1          TR0 = 1;
  37   1          while((TF0 == 0)&&(Rx == 1))
  38   1              ;
  39   1          TR0 = 0;
  40   1          if(TF0 == 0)
  41   1          {
  42   2              temp = (TH0 << 8) | TL0;
  43   2              return temp * 0.017;
  44   2          }
  45   1          else
  46   1          {
  47   2              TF0 = 0;
  48   2              return 999;
  49   2          }
  50   1      }


MODULE INFORMATION:   STATIC OVERLAYABLE
   CODE SIZE        =     83    ----
C51 COMPILER V9.60.7.0   ULTRASONIC                                                        04/11/2024 12:10:34 PAGE 2   

   CONSTANT SIZE    =   ----    ----
   XDATA SIZE       =   ----    ----
   PDATA SIZE       =   ----    ----
   DATA SIZE        =   ----    ----
   IDATA SIZE       =   ----    ----
   BIT SIZE         =   ----    ----
END OF MODULE INFORMATION.


C51 COMPILATION COMPLETE.  0 WARNING(S),  0 ERROR(S)
