C51 COMPILER V9.60.7.0   IIC                                                               04/04/2024 10:10:58 PAGE 1   


C51 COMPILER V9.60.7.0, COMPILATION OF MODULE IIC
OBJECT MODULE PLACED IN .\Objects\iic.obj
COMPILER INVOKED BY: D:\Program Files\ARM\Core\C51\BIN\C51.EXE ..\HardWare\iic.c OPTIMIZE(8,SPEED) BROWSE INCDIR(..\Hard
                    -Ware) DEBUG OBJECTEXTEND PRINT(.\Listings\iic.lst) TABS(2) OBJECT(.\Objects\iic.obj)

line level    source

   1          /*  #   I2Cä»£ç ç‰‡æ®µè¯´æ˜
   2            1.  æœ¬æ–‡ä»¶å¤¹ä¸­æä¾›çš„é©±åŠ¨ä»£ç ä¾›å‚èµ›é€‰æ‰‹å®Œæˆç¨‹åºè®¾è®¡å‚è€ƒã€‚
   3            2.  å‚èµ›é€‰æ‰‹å¯ä»¥è‡ªè¡Œç¼–å†™ç›¸å…³ä»£ç æˆ–ä»¥è¯¥ä»£ç ä¸ºåŸºç¡€ï¼Œæ ¹æ®æ‰€é€‰å•ç‰‡æœºç±»å‹ã€è¿
             -è¡Œé€Ÿåº¦å’Œè¯•é¢˜
   4              ä¸­å¯¹å•ç‰‡æœºæ—¶é’Ÿé¢‘ç‡çš„è¦æ±‚ï¼Œè¿›è¡Œä»£ç è°ƒè¯•å’Œä¿®æ”¹ã€‚
   5          */
   6          #include "iic.h"
   7          #define DELAY_TIME  10
   8          sbit sda = P2 ^ 1;
   9          sbit scl = P2 ^ 0;
  10          //
  11          static void I2C_Delay(unsigned char n)
  12          {
  13   1          do
  14   1          {
  15   2              _nop_();_nop_();_nop_();_nop_();_nop_();
  16   2              _nop_();_nop_();_nop_();_nop_();_nop_();
  17   2              _nop_();_nop_();_nop_();_nop_();_nop_();    
  18   2          }
  19   1          while(n--);       
  20   1      }
  21          //
  22          void I2CStart(void)
  23          {
  24   1          sda = 1;
  25   1          scl = 1;
  26   1        I2C_Delay(DELAY_TIME);
  27   1          sda = 0;
  28   1        I2C_Delay(DELAY_TIME);
  29   1          scl = 0;    
  30   1      }
  31          //
  32          void I2CStop(void)
  33          {
  34   1          sda = 0;
  35   1          scl = 1;
  36   1        I2C_Delay(DELAY_TIME);
  37   1          sda = 1;
  38   1        I2C_Delay(DELAY_TIME);
  39   1      }
  40          //
  41          void I2CSendByte(unsigned char byt)
  42          {
  43   1          unsigned char i;
  44   1        
  45   1          for(i=0; i<8; i++){
  46   2              scl = 0;
  47   2          I2C_Delay(DELAY_TIME);
  48   2              if(byt & 0x80){
  49   3                  sda = 1;
  50   3              }
  51   2              else{
  52   3                  sda = 0;
  53   3              }
C51 COMPILER V9.60.7.0   IIC                                                               04/04/2024 10:10:58 PAGE 2   

  54   2          I2C_Delay(DELAY_TIME);
  55   2              scl = 1;
  56   2              byt <<= 1;
  57   2          I2C_Delay(DELAY_TIME);
  58   2          }
  59   1        
  60   1          scl = 0;  
  61   1      }
  62          //
  63          unsigned char I2CReceiveByte(void)
  64          {
  65   1        unsigned char da;
  66   1        unsigned char i;
  67   1        for(i=0;i<8;i++){   
  68   2          scl = 1;
  69   2          I2C_Delay(DELAY_TIME);
  70   2          da <<= 1;
  71   2          if(sda) 
  72   2            da |= 0x01;
  73   2          scl = 0;
  74   2          I2C_Delay(DELAY_TIME);
  75   2        }
  76   1        return da;    
  77   1      }
  78          //
  79          unsigned char I2CWaitAck(void)
  80          {
  81   1        unsigned char ackbit;
  82   1        
  83   1          scl = 1;
  84   1        I2C_Delay(DELAY_TIME);
  85   1          ackbit = sda; 
  86   1          scl = 0;
  87   1        I2C_Delay(DELAY_TIME);
  88   1        
  89   1        return ackbit;
  90   1      }
  91          //
  92          void I2CSendAck(unsigned char ackbit)
  93          {
  94   1          scl = 0;
  95   1          sda = ackbit; 
  96   1        I2C_Delay(DELAY_TIME);
  97   1          scl = 1;
  98   1        I2C_Delay(DELAY_TIME);
  99   1          scl = 0; 
 100   1        sda = 1;
 101   1        I2C_Delay(DELAY_TIME);
 102   1      }
 103          
 104          unsigned char adc_read(unsigned char addr)
 105          {
 106   1          unsigned char temp;
 107   1          I2CStart();
 108   1          I2CSendByte(0x90);
 109   1          I2CWaitAck();
 110   1          I2CSendByte(addr);
 111   1          I2CWaitAck();
 112   1      
 113   1          I2CStart();
 114   1          I2CSendByte(0x91);
 115   1          I2CWaitAck();
C51 COMPILER V9.60.7.0   IIC                                                               04/04/2024 10:10:58 PAGE 3   

 116   1          temp = I2CReceiveByte();
 117   1          I2CSendAck(1);
 118   1          I2CStop();
 119   1          return temp;
 120   1      }


MODULE INFORMATION:   STATIC OVERLAYABLE
   CODE SIZE        =    213    ----
   CONSTANT SIZE    =   ----    ----
   XDATA SIZE       =   ----    ----
   PDATA SIZE       =   ----    ----
   DATA SIZE        =   ----    ----
   IDATA SIZE       =   ----    ----
   BIT SIZE         =   ----    ----
END OF MODULE INFORMATION.


C51 COMPILATION COMPLETE.  0 WARNING(S),  0 ERROR(S)
