C51 COMPILER V9.60.7.0   IIC                                                               04/06/2024 23:37:06 PAGE 1   


C51 COMPILER V9.60.7.0, COMPILATION OF MODULE IIC
OBJECT MODULE PLACED IN .\Objects\iic.obj
COMPILER INVOKED BY: D:\Program Files\ARM\Core\C51\BIN\C51.EXE ..\HardWare\iic.c OPTIMIZE(8,SPEED) BROWSE INCDIR(..\Hard
                    -Ware) DEBUG OBJECTEXTEND PRINT(.\Listings\iic.lst) TABS(2) OBJECT(.\Objects\iic.obj)

line level    source

   1          /*  #   I2C代码片段说明
   2              1.  本文件夹中提供的驱动代码供参赛选手完成程序设计参考。
   3              2.  参赛选手可以自行编写相关代码或以该代码为基础，根据所选单片机类型
             -运行速度和试题
   4                  中对单片机时钟频率的要求，进行代码调试和修改。
   5          */
   6          #include "iic.h"
   7          #define DELAY_TIME 10
   8          sbit sda = P2 ^ 1;
   9          sbit scl = P2 ^ 0;
  10          
  11          //
  12          static void I2C_Delay(unsigned char n)
  13          {
  14   1          do
  15   1          {
  16   2              _nop_();
  17   2              _nop_();
  18   2              _nop_();
  19   2              _nop_();
  20   2              _nop_();
  21   2              _nop_();
  22   2              _nop_();
  23   2              _nop_();
  24   2              _nop_();
  25   2              _nop_();
  26   2              _nop_();
  27   2              _nop_();
  28   2              _nop_();
  29   2              _nop_();
  30   2              _nop_();
  31   2          } while (n--);
  32   1      }
  33          
  34          //
  35          void I2CStart(void)
  36          {
  37   1          sda = 1;
  38   1          scl = 1;
  39   1          I2C_Delay(DELAY_TIME);
  40   1          sda = 0;
  41   1          I2C_Delay(DELAY_TIME);
  42   1          scl = 0;
  43   1      }
  44          
  45          //
  46          void I2CStop(void)
  47          {
  48   1          sda = 0;
  49   1          scl = 1;
  50   1          I2C_Delay(DELAY_TIME);
  51   1          sda = 1;
  52   1          I2C_Delay(DELAY_TIME);
  53   1      }
C51 COMPILER V9.60.7.0   IIC                                                               04/06/2024 23:37:06 PAGE 2   

  54          
  55          //
  56          void I2CSendByte(unsigned char byt)
  57          {
  58   1          unsigned char i;
  59   1      
  60   1          for (i = 0; i < 8; i++)
  61   1          {
  62   2              scl = 0;
  63   2              I2C_Delay(DELAY_TIME);
  64   2              if (byt & 0x80)
  65   2              {
  66   3                  sda = 1;
  67   3              }
  68   2              else
  69   2              {
  70   3                  sda = 0;
  71   3              }
  72   2              I2C_Delay(DELAY_TIME);
  73   2              scl = 1;
  74   2              byt <<= 1;
  75   2              I2C_Delay(DELAY_TIME);
  76   2          }
  77   1      
  78   1          scl = 0;
  79   1      }
  80          
  81          //
  82          unsigned char I2CReceiveByte(void)
  83          {
  84   1          unsigned char da;
  85   1          unsigned char i;
  86   1          for (i = 0; i < 8; i++)
  87   1          {
  88   2              scl = 1;
  89   2              I2C_Delay(DELAY_TIME);
  90   2              da <<= 1;
  91   2              if (sda)
  92   2                  da |= 0x01;
  93   2              scl = 0;
  94   2              I2C_Delay(DELAY_TIME);
  95   2          }
  96   1          return da;
  97   1      }
  98          
  99          //
 100          unsigned char I2CWaitAck(void)
 101          {
 102   1          unsigned char ackbit;
 103   1      
 104   1          scl = 1;
 105   1          I2C_Delay(DELAY_TIME);
 106   1          ackbit = sda;
 107   1          scl = 0;
 108   1          I2C_Delay(DELAY_TIME);
 109   1      
 110   1          return ackbit;
 111   1      }
 112          
 113          //
 114          void I2CSendAck(unsigned char ackbit)
 115          {
C51 COMPILER V9.60.7.0   IIC                                                               04/06/2024 23:37:06 PAGE 3   

 116   1          scl = 0;
 117   1          sda = ackbit;
 118   1          I2C_Delay(DELAY_TIME);
 119   1          scl = 1;
 120   1          I2C_Delay(DELAY_TIME);
 121   1          scl = 0;
 122   1          sda = 1;
 123   1          I2C_Delay(DELAY_TIME);
 124   1      }
 125          
 126          void AT24C02_Write(unsigned char addr, unsigned char dat)
 127          {
 128   1          I2CStart();
 129   1          I2CSendByte(0xa0);
 130   1          I2CWaitAck();
 131   1          I2CSendByte(addr);
 132   1          I2CWaitAck();
 133   1          I2CSendByte(dat);
 134   1          I2CWaitAck();
 135   1          I2CStop();
 136   1      }
 137          
 138          unsigned char AT24C02_Read(unsigned char addr)
 139          {
 140   1          unsigned char temp;
 141   1          I2CStart();
 142   1          I2CSendByte(0xa0);
 143   1          I2CWaitAck();
 144   1          I2CSendByte(addr);
 145   1          I2CWaitAck();
 146   1      
 147   1          I2CStart();
 148   1          I2CSendByte(0xa1);
 149   1          I2CWaitAck();
 150   1          temp = I2CReceiveByte();
 151   1          I2CSendAck(1);
 152   1          I2CStop();
 153   1          return temp;
 154   1      }
 155          
 156          unsigned char adc_read(unsigned char addr)
 157          {
 158   1        unsigned char temp;
 159   1        I2CStart();
 160   1        I2CSendByte(0x90);
 161   1        I2CWaitAck();
 162   1        I2CSendByte(addr);
 163   1        I2CWaitAck();
 164   1        I2CStart();
 165   1        I2CSendByte(0x91);
 166   1        I2CWaitAck();
 167   1        temp = I2CReceiveByte();
 168   1        I2CSendAck(1);
 169   1        I2CStop();
 170   1        return temp;
 171   1      }


MODULE INFORMATION:   STATIC OVERLAYABLE
   CODE SIZE        =    260    ----
   CONSTANT SIZE    =   ----    ----
   XDATA SIZE       =   ----    ----
C51 COMPILER V9.60.7.0   IIC                                                               04/06/2024 23:37:06 PAGE 4   

   PDATA SIZE       =   ----    ----
   DATA SIZE        =   ----    ----
   IDATA SIZE       =   ----    ----
   BIT SIZE         =   ----    ----
END OF MODULE INFORMATION.


C51 COMPILATION COMPLETE.  0 WARNING(S),  0 ERROR(S)
