C51 COMPILER V9.60.7.0   SYS                                                               03/24/2024 11:45:39 PAGE 1   


C51 COMPILER V9.60.7.0, COMPILATION OF MODULE SYS
OBJECT MODULE PLACED IN .\Objects\sys.obj
COMPILER INVOKED BY: D:\Program Files\ARM\Core\C51\BIN\C51.EXE HardWare\sys.c OPTIMIZE(8,SPEED) BROWSE INCDIR(.\HardWare
                    -) DEBUG OBJECTEXTEND PRINT(.\Listings\sys.lst) TABS(2) OBJECT(.\Objects\sys.obj)

line level    source

   1          #include "sys.h"
   2          
   3          void InitHC138(unsigned char channel)
   4          {
   5   1          switch(channel)
   6   1          {
   7   2              case 4:P2 = (P2 & 0x1f) | 0x80;break;
   8   2              case 5:P2 = (P2 & 0x1f) | 0xa0;break;
   9   2              case 6:P2 = (P2 & 0x1f) | 0xc0;break;
  10   2              case 7:P2 = (P2 & 0x1f) | 0xe0;break;
  11   2          }
  12   1          P2 = P2 & 0x1f;
  13   1      }
  14          
  15          void Delayus(unsigned int us) //@11.0592MHz
  16          {
  17   1          while (us--)
  18   1          {
  19   2              /* code */
  20   2              _nop_();
  21   2            _nop_();
  22   2            _nop_();
  23   2          }
  24   1      }
  25          
  26          void Delayms(unsigned int ms) //@11.0592MHz
  27          {
  28   1          while(ms--)
  29   1          {
  30   2              unsigned char data i, j;
  31   2      
  32   2              _nop_();
  33   2              _nop_();
  34   2              _nop_();
  35   2              i = 11;
  36   2              j = 190;
  37   2              do
  38   2              {
  39   3                  while (--j);
  40   3              } while (--i);
  41   2          }
  42   1      }
  43          
  44          void Init_Sys()
  45          {
  46   1        P0 = 0xFF;
  47   1          InitHC138(4);
  48   1          P0 = 0x00;
  49   1          InitHC138(5);
  50   1      }


MODULE INFORMATION:   STATIC OVERLAYABLE
   CODE SIZE        =    116    ----
C51 COMPILER V9.60.7.0   SYS                                                               03/24/2024 11:45:39 PAGE 2   

   CONSTANT SIZE    =   ----    ----
   XDATA SIZE       =   ----    ----
   PDATA SIZE       =   ----    ----
   DATA SIZE        =   ----       2
   IDATA SIZE       =   ----    ----
   BIT SIZE         =   ----    ----
END OF MODULE INFORMATION.


C51 COMPILATION COMPLETE.  0 WARNING(S),  0 ERROR(S)
